<!DOCTYPE html>
<html>
	<head>
        <meta http-equiv="content-type" content="text/html; charset=UTF-8" />
		<title>Unnamed project Test Execution Report</title>
        <script type="text/javascript" src="http://code.jquery.com/jquery-1.6.2.min.js"></script>
        <script type="text/javascript">
            /**
            * jQuery.fn.sortElements
            * --------------
            * #author James Padolsey (http://james.padolsey.com)
            * #version 0.11
            * #updated 18-MAR-2010
            * #url https://raw.github.com/jamespadolsey/jQuery-Plugins/master/sortElements/jquery.sortElements.js
            * --------------
            * #param Function comparator:
            *   Exactly the same behaviour as [1,2,3].sort(comparator)
            *   
            * #param Function getSortable
            *   A function that should return the element that is
            *   to be sorted. The comparator will run on the
            *   current collection, but you may want the actual
            *   resulting sort to occur on a parent or another
            *   associated element.
            *   
            *   E.g. $('td').sortElements(comparator, function(){
            *      return this.parentNode; 
            *   })
            *   
            *   The <td>'s parent (<tr>) will be sorted instead
            *   of the <td> itself.
            */
            jQuery.fn.sortElements = (function () {

                var sort = [].sort;

                return function (comparator, getSortable) {

                    getSortable = getSortable || function () { return this; };

                    var placements = this.map(function () {

                        var sortElement = getSortable.call(this),
                parentNode = sortElement.parentNode,

                        // Since the element itself will change position, we have
                        // to have some way of storing it's original position in
                        // the DOM. The easiest way is to have a 'flag' node:
                nextSibling = parentNode.insertBefore(
                    document.createTextNode(''),
                    sortElement.nextSibling
                );

                        return function () {

                            if (parentNode === this) {
                                throw new Error(
                        "You can't sort elements if any one is a descendant of another."
                    );
                            }

                            // Insert before flag:
                            parentNode.insertBefore(this, nextSibling);
                            // Remove flag:
                            parentNode.removeChild(nextSibling);

                        };

                    });

                    return sort.call(this, comparator).each(function (i) {
                        placements[i].call(getSortable.call(this));
                    });

                };

            })();
        </script>
        <script type="text/javascript">
            jQuery.fn.setBarSizes = (function () {
                return function (metricName, maxBarSize, min) {
                    var max = Math.max.apply(Math, $.makeArray($(this).map(function () { return Number($(this).attr('data-sr-' + metricName)); })));
                    var scale = 1.0;
                    while (max > 0.0 && max <= 10.0) {
                        scale = scale * 10.0;
                        max = max * 10.0;
                    }
                    max = (Math.ceil(max / 2) * 2) / scale;

                    this.each(function () {
                        var barAnchor = $(this).find('a');
                        var actual = $(this).attr('data-sr-' + metricName);
                        var newHeight = Math.max(Math.round(maxBarSize * (actual - min) / (max - min)), 2);
                        barAnchor.css({ height: newHeight });
                    });

                    var unit = "";
                    if (metricName.substr(metricName.length - 4, 4) === "time")
                        unit = "s";

                    $('#testview .scale-min-label').each(function () {
                        $(this).text(min.toString() + unit);
                    });
                    $('#testview .scale-max-label').each(function () {
                        $(this).text(max.toString() + unit);
                    });
                    var mid = max / 2;
                    $('#testview .scale-mid-label').each(function () {
                        $(this).text(mid.toString() + unit);
                    });
                };
            })();

            function getComparer(metricName, isDesc) {
                return function (a, b) {
                    var aNumber = Number($(a).attr('data-sr-' + metricName));
                    var bNumber = Number($(b).attr('data-sr-' + metricName));
                    var result = aNumber > bNumber ? 1 : (aNumber < bNumber ? -1 : 0);
                    if (isDesc)
                        result = -1 * result;

                    if (result == 0 && metricName != "order")
                        result = getComparer("order", false)(a, b);

                    return result;
                };
            }

            var currentSort = "";
            function doSort(allowToggleDesc) {
                var newSort = $("input[name='barSortOrder']:checked").val();
                if (allowToggleDesc && currentSort == newSort) {
                    $('#barSortDesc').click();
                    doSort(false);
                    return;
                }
                currentSort = newSort;
                $('#testview td.testview-item').sortElements(getComparer(newSort, $('#barSortDesc').is(':checked')));
            }


            function doSetHeights(allowSort) {
                var selectedMetric = $("input[name='barHeight']:checked").val();
                $('#testview td.testview-item').setBarSizes(selectedMetric, 60, 0.0);

                if (allowSort && currentSort != selectedMetric) {
                    var $radios = $("input[name='barSortOrder']");
                    $radios.filter('[value=' + selectedMetric + ']').attr('checked', true);
                    $("#barSortDesc").attr("checked", [true]);
                    doSort(false);
                }
            }

            $(document).ready(function () {
                $("input[name='barSortOrder']").click(function () { doSort(true); return true; });
                $("input[name='barSortDesc']").change(function () { doSort(false); });
                $("input[name='barHeight']").change(function () { doSetHeights(true); });

                doSort(false);
                doSetHeights(false);

                $("div.scrollable").css({ 'overflow': 'auto' });
            });
        </script>

        <style type="text/css">
            body 
            {
                color: #000000;
                font-family: Arial,Liberation Sans,DejaVu Sans,sans-serif;
                line-height: 130%;
            }
            h1 {
                font-family: Trebuchet MS,Liberation Sans,DejaVu Sans,sans-serif;
                font-size: 170%;
                font-weight: bold;
            }            
            h2 {
                font-family: Trebuchet MS,Liberation Sans,DejaVu Sans,sans-serif;
                font-size: 130%;
                font-weight: bold;
                margin-bottom: 5px;
            }            
            h3 {
                font-family: Trebuchet MS,Liberation Sans,DejaVu Sans,sans-serif;
                font-size: 120%;
                font-weight: bold;
                margin-bottom: 5px;
            }            
            a.bar
            {
                text-decoration: none;
                display: block;
                line-height: 1px;
            }
            .description
            {
                font-style: italic;
            }
            .log 
            {
                width: 600px;
                white-space: pre-wrap;
                display: block;
                margin: 0px;
            }
            .errorMessage 
            {
                width: 600px;
                color: Red;
                font-weight: bold;
            }
            .stackTrace 
            {
                width: 600px;
                white-space: pre-wrap;
                font-style: italic;
                color: Red;
                display: block;
            }
            table.testEvents
            {
                border: solid 1px #e8eef4;
                border-collapse: collapse;
            }
            table.testEvents td
            {
                vertical-align: top;
                padding: 5px;
                border: solid 1px #e8eef4;
            }
            table.testEvents th
            {
                padding: 6px 5px;
                text-align: left;
                background-color: #e8eef4;
                border: solid 1px #e8eef4;                
            }
            .comment
            {
                font-style: italic;
                font-size: smaller;
            }
            .startupBar
            {
                background-color: #EEEEEE;
                cursor: default;
            }
            
            .colorSucceeded
            {
                background-color: #90ED7B;
            }
            .colorIgnored
            {
                background-color: #FFFF85;
            }
            .colorPending
            {
                background-color: #D47BED;
            }
            .colorNothingToRun
            {
                background-color: #CCCCFF;
            }
            .colorSkipped
            {
                background-color: #CCCCFF;
            }
            .colorInconclusive
            {
                background-color: #7BEDED;
            }
            .colorCleanupFailed
            {
                background-color: #FFCCCC;
            }
            .colorRandomlyFailed
            {
                background-color: #EDB07B;
            }
            .colorFailed
            {
                background-color: #ED5F5F;
            }
            .colorInitializationFailed
            {
                background-color: #FF0000;
            }
            .colorFrameworkError
            {
                background-color: #FF0000;
            }
            ul.subNodeLinks
            {
                padding-left: 20px;
                margin: 0px;
            }
            ul.subNodeLinks li
            {
                list-style: none;
            }
            
            /* views general */
            div.scrollable
            {
                /*overflow: auto; - thsi has to be set from js, because of an IE9 bug */
            }
            div.viewbox
            {
                position: relative;
                border: 3px solid #e8eef4;
            }
            div.viewbox table
            {
                border: 0px;
            }
                        
            /* testview */
            #testview
            {
                padding-top: 23px;
            }
            
            table.testview-items td
            {
                vertical-align: bottom;
                padding: 0px 1px 0px 1px;
            }
            td.right-padding, td.left-padding
            {
                width: 25px;
                min-width: 25px;
            }
            table.testview-items a.bar
            {
                width: 5px;
            }
            table.testview-items tr.testview-items-row
            {
                height: 60px;
            }
            
            /* scale */
            table.vertical-scale 
            {
                position: absolute;
                top: 23px;
                left: 0px;
                width: 100%;
                z-index: -100;
            }
            table.vertical-scale td, tr.horizontal-scale td
            {
                font-size: 60%;
                line-height: normal;
            }
            table.vertical-scale tr.scale-max, table.vertical-scale tr.scale-mid 
            {
                height: 30px;
            }
            tr.horizontal-scale, table.vertical-scale tr.scale-min 
            {
                height: 12px;
            }
            
            td.scale-max-label, td.scale-mid-label, td.scale-min-label
            {
                border-top: solid 1px #E6E6E6;
                text-align: left;
                vertical-align: top;
            }
            td.scale-10-label
            {
                border-left: solid 1px #E6E6E6;
                text-align: left;
                vertical-align: bottom;
                padding-left: 1px;
            }
            tr.scale-mid td, tr.scale-min td, tr.scale-max td
            {
                border-top: solid 1px #E6E6E6;
            }
           
            
            /* bar-control */
            #bar-control
            {
                font-size: 60%;
                line-height: normal;
                position: absolute;
                right: 0px;
                top: 0px;
            }
            #bar-control label
            {
                font-weight: bold;
                vertical-align: middle;
            }
            #bar-control .option
            {
                vertical-align: middle;
                text-transform: lowercase;
            }
            #bar-control input[type="checkbox"]
            {
                padding: 0 2px 0 3px;
            }
            #bar-control input
            {
                vertical-align: top;
                height: 12px;
                margin: 0px;
                padding: 0px;
            }
            #bar-control div
            {
                float: right;
                margin: 3px 5px 3px 5px;
            }

            /* timeline view */
            #timelineview
            {
                padding-top: 5px;
            }
            table.timelineview a
            {
                height: 20px;
            }
            table.timelineview td
            {
                vertical-align: bottom;
                padding: 0px 1px 0px 0px;
                border: 0px;
            }
            tr.thread-items-row
            {
                height: 25px;
            }
            tr.thread-items-row td
            {
                vertical-align: bottom;
            }
            td.thread-label
            {
                padding: 0px 6px 0px 6px;
                text-align: right;
                line-height: 18px;
                vertical-align: bottom;
            }
            th.thread-label
            {
                padding: 3px 6px 0px 6px;
                line-height: 18px;
                text-align: left;
                vertical-align: bottom;
            }
        </style>
	</head>
	<body>
        <h1>Unnamed project Test Execution Report</h1>
        
    <ul>
        <li>Project: Unnamed project</li>
        <li>Configuration: </li>
        <li>Test Assemblies: C:\Users\Seng Fai Chan\Documents\SketchFabSeleniumSpecFlow\SketchFabSeleniumSpecFlow\bin\Debug\SketchFabSeleniumSpecFlow.dll</li>
        <li>Start Time: 21/10/2019 11:03:32</li>
        <li>Duration: 00:01:49.9475279</li>
        <li>Test Threads: 1</li>
    </ul>


        <h2>Result: 1 failed</h2>
        <table class="testEvents">
                <tr>
        <th colspan="2">Success rate</th>
        <th>Tests</th>
        <th>Succeeded</th>
        <th>Failed</th>
        <th>Pending</th>
        <th>Ignored</th>
        <th>Skipped</th>
    </tr>

                <td>
            0%
    </td>
    <td>
            <table class="timelineview" cellpadding="0" cellspacing="0">
        <tr>
    <td>
        <a class="bar colorFailed" 
           style="width: 199px;" 
           title="1 failed" 
                          href="#error_summary"
        ></a>
    </td>
        </tr>
    </table>

    </td>
    <td>1 (test executions: 3)</td>
    <td>0</td>
    <td>1</td>
    <td>0</td>
    <td>0</td>
    <td>0</td>

        </table>
        
        <h2>Test Timeline Summary</h2>

        <div id="timelineview" class="viewbox">
            <div class="scrollable">
                <table cellpadding="0" cellspacing="0">
                    <tr>
                        <th class="thread-label" colspan="2">thread</th>
                    </tr>
                        <tr class="thread-items-row">
                            <td class="thread-label" title="Machine: LT-LON-W030">#0</td>
                            <td colspan="1">
                                <table class="timelineview" cellpadding="0" cellspacing="0">
                                    <tr>

                                            <td>
        <a
            class="bar startupBar" 
            style="width: 3px;" 
                title="test thread startup" 
        >&nbsp;</a>
    </td>

    <td>
        <a
            class="bar colorFailed" 
            style="width: 3px;" 
                title="Sign up without confirming terms and conditions (in SketchFabSignUp)" 
                href="#t1982818894.0"
        >&nbsp;</a>
    </td>
    <td>
        <a
            class="bar colorFailed" 
            style="width: 3px;" 
                title="Sign up without confirming terms and conditions (in SketchFabSignUp) retry #1" 
                href="#t1982818894.1"
        >&nbsp;</a>
    </td>
    <td>
        <a
            class="bar colorFailed" 
            style="width: 8px;" 
                title="Sign up without confirming terms and conditions (in SketchFabSignUp) retry #2" 
                href="#t1982818894.2"
        >&nbsp;</a>
    </td>
                                    </tr>
                                </table>
                            </td>
                        </tr>
                    <tr class="horizontal-scale">
                        <td>&nbsp;</td>
                        <td class="scale-10-label">0s</td>
                    </tr>
                </table>
            </div>
        </div>

        
    <h2>Test Result View</h2>
    <div id="testview" class="viewbox">
        <div id="bar-control">
            <div id="bar-control-sort">
                <label>sort by:</label>
                <span class="option"><input type="radio" name="barSortOrder" value="exectime" />Time</span>
                <span class="option"><input type="radio" name="barSortOrder" value="acttime" />Act Time</span>
                <span class="option"><input type="radio" name="barSortOrder" value="order" />Execution</span>
                <span class="option"><input type="radio" name="barSortOrder" value="rescode" checked="checked" />Result</span>
                <span class="option"><input type="checkbox" name="barSortDesc" id="barSortDesc" checked="checked" />desc</span>
            </div>
            <div id="bar-control-heights">
                <label>heights:</label>
                <span class="option"><input type="radio" checked="checked" name="barHeight" value="exectime" />Time</span>
                <span class="option"><input type="radio" name="barHeight" value="acttime" />Act Time</span>
            </div>
        </div>
        <table class="vertical-scale" cellpadding="0" cellspacing="0">
            <tr class="scale-max">
                <td class="left-padding scale-max-label">&nbsp;</td>
                <td colspan="3">&nbsp;</td>
                <td class="right-padding">&nbsp;</td>
            </tr>
            <tr class="scale-mid">
                <td class="left-padding scale-mid-label">&nbsp;</td>
                <td colspan="3">&nbsp;</td>
                <td class="right-padding">&nbsp;</td>
            </tr>
            <tr class="scale-min">
                <td class="left-padding scale-min-label">&nbsp;</td>
                <td colspan="3">&nbsp;</td>
                <td class="right-padding">&nbsp;</td>
            </tr>
        </table>
        <div class="scrollable">
            <table class="testview-items" cellpadding="0" cellspacing="0">
                <tr class="testview-items-row">
                    <td class="left-padding">&nbsp;</td>
    <td class="testview-item" 
        data-sr-exectime="20.8341511" data-sr-rescode="540" data-sr-order="0" data-sr-acttime="4.62">
        <a
            class="bar colorFailed" 
            style="height: 27px;"
            title="Sign up without confirming terms and conditions (in SketchFabSignUp)"
            href="#t1982818894.0">&nbsp;</a>
    </td>
    <td class="testview-item" 
        data-sr-exectime="42.174213" data-sr-rescode="540" data-sr-order="1" data-sr-acttime="15.327">
        <a
            class="bar colorFailed" 
            style="height: 55px;"
            title="Sign up without confirming terms and conditions (in SketchFabSignUp) retry #1"
            href="#t1982818894.1">&nbsp;</a>
    </td>
    <td class="testview-item" 
        data-sr-exectime="46.0884301" data-sr-rescode="540" data-sr-order="2" data-sr-acttime="0.037">
        <a
            class="bar colorFailed" 
            style="height: 60px;"
            title="Sign up without confirming terms and conditions (in SketchFabSignUp) retry #2"
            href="#t1982818894.2">&nbsp;</a>
    </td>
                    <td class="right-padding">&nbsp;</td>
                </tr>
                <tr class="horizontal-scale">
                    <td class="left-padding">&nbsp;</td>
                    <td colspan="10">&nbsp;</td>
                </tr>
            </table>
        </div>
    </div>

        
        
    <h2>Feature Summary</h2>
    <table class="testEvents">
            <tr>
            <th>Feature</th>
        <th colspan="2">Success rate</th>
        <th>Tests</th>
        <th>Succeeded</th>
        <th>Failed</th>
        <th>Pending</th>
        <th>Ignored</th>
        <th>Skipped</th>
            <th>Duration</th>
    </tr>


            <tr>
                <td><a href="#f-63736262">SketchFabSignUp</a></td>
                    <td>
            0%
    </td>
    <td>
            <table class="timelineview" cellpadding="0" cellspacing="0">
        <tr>
    <td>
        <a class="bar colorFailed" 
           style="width: 599px;" 
           title="1 failed" 
                          href="#error_summary"
        ></a>
    </td>
        </tr>
    </table>

    </td>
    <td>1 (test executions: 3)</td>
    <td>0</td>
    <td>3</td>
    <td>0</td>
    <td>0</td>
    <td>0</td>
        <td>00:01:49.0967942</td>

            </tr>
    </table>


        <a name="error_summary" />
        <h2>Error Summary</h2>
        <table class="testEvents">
                <tr>
            <th>Test</th>
        <th colspan="2">Success rate</th>
        <th>Tests</th>
        <th>Succeeded</th>
        <th>Failed</th>
        <th>Pending</th>
        <th>Ignored</th>
        <th>Skipped</th>
    </tr>

                <tr>
                    <td>
                        <a href="#t1982818894.0">Sign up without confirming terms and conditions (in SketchFabSeleniumSpecFlow, SketchFabSignUp)</a>
                            <a href="#t1982818894.1">retry #1</a>
                            <a href="#t1982818894.2">retry #2</a>
                    </td>
                        <td>
            0%
    </td>
    <td>
            <table class="timelineview" cellpadding="0" cellspacing="0">
        <tr>
    <td>
        <a class="bar colorFailed" 
           style="width: 599px;" 
           title="1 failed" 
                          href="#error_summary"
        ></a>
    </td>
        </tr>
    </table>

    </td>
    <td>1 (test executions: 3)</td>
    <td>0</td>
    <td>3</td>
    <td>0</td>
    <td>0</td>
    <td>0</td>

                </tr>
                <tr>
                    <td colspan="9" style="padding-left: 20px;"><div class="errorMessage">Error:   Expected string length 0 but was 22. Strings differ at index 0.
  Expected: &lt;string.Empty&gt;
  But was:  &quot;This field is required&quot;
  -----------^
, retry #1: Multiple failures or warnings in test:
  1)   Expected string length 0 but was 22. Strings differ at index 0.
  Expected: &lt;string.Empty&gt;
  But was:  &quot;This field is required&quot;
  -----------^

  2)   Expected string length 0 but was 22. Strings differ at index 0.
  Expected: &lt;string.Empty&gt;
  But was:  &quot;This field is required&quot;
  -----------^

, retry #2: Exception has been thrown by the target of an invocation. -&gt; element click intercepted: Element &lt;a data-selenium=&quot;signup&quot; href=&quot;/signup&quot; class=&quot;button btn-primary btn-medium c-page-header__auth-button c-page-header__col&quot;&gt;...&lt;/a&gt; is not clickable at point (843, 30). Other element would receive the click: &lt;div class=&quot;popup-container&quot; style=&quot;perspective-origin: 509.5px 426px;&quot;&gt;...&lt;/div&gt;
  (Session info: chrome=77.0.3865.120)</div></td>
                </tr>
        </table>

        <h2>Scenario Summary</h2>
            <a name="f-63736262" />
            <h3>Feature: SketchFabSignUp</h3>
                <div class="description"><pre>	In order to login as a member
	As a user
	I want to be able to sign up for Sketch Fab</pre>
                </div>
            <table class="testEvents">
                    <tr>
            <th>Test</th>
        <th colspan="2">Success rate</th>
        <th>Tests</th>
        <th>Succeeded</th>
        <th>Failed</th>
        <th>Pending</th>
        <th>Ignored</th>
        <th>Skipped</th>
            <th>Duration</th>
    </tr>

                    <tr>
                        <td>
                                    <a href="#t1982818894.0">Scenario: Sign up without confirming terms and conditions</a>
            <a href="#t1982818894.1">retry #1</a>
            <a href="#t1982818894.2">retry #2</a>

                        </td>
                        
                            <td>
            0%
    </td>
    <td>
            <table class="timelineview" cellpadding="0" cellspacing="0">
        <tr>
    <td>
        <a class="bar colorFailed" 
           style="width: 599px;" 
           title="1 failed" 
                          href="#error_summary"
        ></a>
    </td>
        </tr>
    </table>

    </td>
    <td>1 (test executions: 3)</td>
    <td>0</td>
    <td>3</td>
    <td>0</td>
    <td>0</td>
    <td>0</td>
        <td>00:01:49.0967942</td>

                        
                    </tr>
            </table>

        <h2>Execution Details</h2>
            <a name="t1982818894.0" />
            <h3>Scenario: Sign up without confirming terms and conditions (in SketchFabSeleniumSpecFlow, SketchFabSignUp)</h3>
            <ul>
                <li>Status: Failed</li>
                <li>Start time: 21/10/2019 11:03:33</li>
                <li>Execution time (sec): 20.8341511</li>
                <li>Thread: #0</li>
                <li>Error:   Expected string length 0 but was 22. Strings differ at index 0.
  Expected: &lt;string.Empty&gt;
  But was:  &quot;This field is required&quot;
  -----------^
</li>
            </ul>
            <table class="testEvents">
                <tr>
                    <th>Steps</th>
                    <th>Trace</th>
                    <th>Result</th>
                </tr>
                    <tr>
                        <td>
                            <pre class="log"></pre>
                        </td>
                        <td>
                            <!-- [Initialization: Feature - SketchFabSignUp] -->
                            <pre class="log">-&gt; Loading plugin C:\Users\Seng Fai Chan\Documents\SketchFabSeleniumSpecFlow\SketchFabSeleniumSpecFlow\bin\Debug\SpecRun.Runtime.SpecFlowPlugin.dll
-&gt; Using default config</pre>
                        </td>
                        <td>Succeeded in 0.237s</td>
                    </tr>
                    <tr>
                        <td>
                            <pre class="log">Given I am on the home page</pre>
                        </td>
                        <td>
                            <!-- [TestArrange: Scenario - Sign up without confirming terms and conditions] -->
                            <pre class="log">done: SketchFabSignUpSteps.GivenIAmOnTheHomePage() (8.1s)</pre>
                        </td>
                        <td>Succeeded in 13.783s</td>
                    </tr>
                    <tr>
                        <td>
                            <pre class="log">And I click on the sign up button</pre>
                        </td>
                        <td>
                            <!-- [TestArrange: Scenario - Sign up without confirming terms and conditions] -->
                            <pre class="log">done: SketchFabSignUpSteps.GivenIClickOnTheSignUpButton() (0.7s)</pre>
                        </td>
                        <td>Succeeded in 0.672s</td>
                    </tr>
                    <tr>
                        <td>
                            <pre class="log">And the sign up window pop up</pre>
                        </td>
                        <td>
                            <!-- [TestArrange: Scenario - Sign up without confirming terms and conditions] -->
                            <pre class="log">done: SketchFabSignUpSteps.GivenTheSignUpWindowPopUp() (0.3s)</pre>
                        </td>
                        <td>Succeeded in 0.311s</td>
                    </tr>
                    <tr>
                        <td>
                            <pre class="log">When I enter a valid username</pre>
                        </td>
                        <td>
                            <!-- [TestAct: Scenario - Sign up without confirming terms and conditions] -->
                            <pre class="log">done: SketchFabSignUpSteps.WhenIEnterAValidUsername() (0.8s)</pre>
                        </td>
                        <td>Succeeded in 0.786s</td>
                    </tr>
                    <tr>
                        <td>
                            <pre class="log">And I enter a valid email</pre>
                        </td>
                        <td>
                            <!-- [TestAct: Scenario - Sign up without confirming terms and conditions] -->
                            <pre class="log">done: SketchFabSignUpSteps.WhenIEnterAValidEmail() (2.0s)</pre>
                        </td>
                        <td>Succeeded in 2.038s</td>
                    </tr>
                    <tr>
                        <td>
                            <pre class="log">And I enter a valid password</pre>
                        </td>
                        <td>
                            <!-- [TestAct: Scenario - Sign up without confirming terms and conditions] -->
                            <pre class="log">done: SketchFabSignUpSteps.WhenIEnterAValidPassword() (0.2s)</pre>
                        </td>
                        <td>Succeeded in 0.218s</td>
                    </tr>
                    <tr>
                        <td>
                            <pre class="log">And I do not tick the privacy policy check box</pre>
                        </td>
                        <td>
                            <!-- [TestAct: Scenario - Sign up without confirming terms and conditions] -->
                            <pre class="log">done: SketchFabSignUpSteps.WhenIDoNotTickThePrivacyPolicyCheckBox() (0.0s)</pre>
                        </td>
                        <td>Succeeded in 0.001s</td>
                    </tr>
                    <tr>
                        <td>
                            <pre class="log">And I click the create account button</pre>
                        </td>
                        <td>
                            <!-- [TestAct: Scenario - Sign up without confirming terms and conditions] -->
                            <pre class="log">done: SketchFabSignUpSteps.WhenIClickTheCreateAccountButton() (1.6s)</pre>
                        </td>
                        <td>Succeeded in 1.577s</td>
                    </tr>
                    <tr>
                        <td>
                            <pre class="log">Then the registration should be failed</pre>
                        </td>
                        <td>
                            <!-- [TestAssert: Scenario - Sign up without confirming terms and conditions] -->
                            <pre class="log">done: SketchFabSignUpSteps.ThenTheRegistrationShouldBeFailed() (0.0s)</pre>
                        </td>
                        <td>Succeeded in 0.002s</td>
                    </tr>
                    <tr>
                        <td>
                            <pre class="log">And The error message should return This field is required</pre>
                        </td>
                        <td>
                            <!-- [TestAssert: Scenario - Sign up without confirming terms and conditions] -->
                            <pre class="log">error:   Expected string length 0 but was 22. Strings differ at index 0.
  Expected: &lt;string.Empty&gt;
  But was:  &quot;This field is required&quot;
  -----------^</pre>
                                <div class="errorMessage">  Expected string length 0 but was 22. Strings differ at index 0.
  Expected: &lt;string.Empty&gt;
  But was:  &quot;This field is required&quot;
  -----------^
</div>
                                <pre class="stackTrace">NUnit.Framework.AssertionException:   Expected string length 0 but was 22. Strings differ at index 0.
  Expected: &lt;string.Empty&gt;
  But was:  &quot;This field is required&quot;
  -----------^

   at NUnit.Framework.Assert.ReportFailure(String message) in D:\a\1\s\src\NUnitFramework\framework\Assert.cs:line 394
   at NUnit.Framework.Assert.ReportFailure(ConstraintResult result, String message, Object[] args) in D:\a\1\s\src\NUnitFramework\framework\Assert.cs:line 382
   at NUnit.Framework.Assert.That[TActual](TActual actual, IResolveConstraint expression, String message, Object[] args) in D:\a\1\s\src\NUnitFramework\framework\Assert.That.cs:line 240
   at NUnit.Framework.Assert.AreEqual(Object expected, Object actual) in D:\a\1\s\src\NUnitFramework\framework\Assert.Equality.cs:line 128
   at SketchFabSeleniumSpecFlow.SketchFabSignUpSteps.ThenTheErrorMessageShouldReturnThisFieldIsRequired() in C:\Users\Seng Fai Chan\Documents\SketchFabSeleniumSpecFlow\SketchFabSeleniumSpecFlow\Steps\SketchFabSignUpSteps.cs:line 99
   at lambda_method(Closure , IContextManager )
   at TechTalk.SpecFlow.Bindings.BindingInvoker.InvokeBinding(IBinding binding, IContextManager contextManager, Object[] arguments, ITestTracer testTracer, TimeSpan&amp; duration) in D:\a\1\s\TechTalk.SpecFlow\Bindings\BindingInvoker.cs:line 69
   at TechTalk.SpecFlow.Infrastructure.TestExecutionEngine.ExecuteStepMatch(BindingMatch match, Object[] arguments) in D:\a\1\s\TechTalk.SpecFlow\Infrastructure\TestExecutionEngine.cs:line 411
   at TechTalk.SpecRun.SpecFlowPlugin.Runtime.RunnerTestExecutionEngine.ExecuteStepMatch(BindingMatch match, Object[] arguments)
   at TechTalk.SpecFlow.Infrastructure.TestExecutionEngine.ExecuteStep(IContextManager contextManager, StepInstance stepInstance) in D:\a\1\s\TechTalk.SpecFlow\Infrastructure\TestExecutionEngine.cs:line 316
   at TechTalk.SpecFlow.Infrastructure.TestExecutionEngine.OnAfterLastStep() in D:\a\1\s\TechTalk.SpecFlow\Infrastructure\TestExecutionEngine.cs:line 132
   at TechTalk.SpecFlow.TestRunner.CollectScenarioErrors() in D:\a\1\s\TechTalk.SpecFlow\TestRunner.cs:line 59
   at SketchFabSeleniumSpecFlow.Features.SketchFabSignUpFeature.ScenarioCleanup()
   at SketchFabSeleniumSpecFlow.Features.SketchFabSignUpFeature.SignUpWithoutConfirmingTermsAndConditions() in C:\Users\Seng Fai Chan\Documents\SketchFabSeleniumSpecFlow\SketchFabSeleniumSpecFlow\Features\SketchFabSignUp.feature:line 16
   at TechTalk.SpecRun.Framework.TaskExecutors.StaticOrInstanceMethodExecutor.ExecuteInternal(ITestThreadExecutionContext testThreadExecutionContext)
   at TechTalk.SpecRun.Framework.TaskExecutors.StaticOrInstanceMethodExecutor.Execute(ITestThreadExecutionContext testThreadExecutionContext)
   at TechTalk.SpecRun.Framework.TestNodeTask.Execute()</pre>
                        </td>
                        <td>Failed in 0.694s</td>
                    </tr>
            </table>
            <a name="t1982818894.1" />
            <h3>Scenario: Sign up without confirming terms and conditions (in SketchFabSeleniumSpecFlow, SketchFabSignUp) retry #1</h3>
            <ul>
                <li>Status: Failed</li>
                <li>Start time: 21/10/2019 11:03:54</li>
                <li>Execution time (sec): 42.174213</li>
                <li>Thread: #0</li>
                <li>Error: Multiple failures or warnings in test:
  1)   Expected string length 0 but was 22. Strings differ at index 0.
  Expected: &lt;string.Empty&gt;
  But was:  &quot;This field is required&quot;
  -----------^

  2)   Expected string length 0 but was 22. Strings differ at index 0.
  Expected: &lt;string.Empty&gt;
  But was:  &quot;This field is required&quot;
  -----------^

</li>
            </ul>
            <table class="testEvents">
                <tr>
                    <th>Steps</th>
                    <th>Trace</th>
                    <th>Result</th>
                </tr>
                    <tr>
                        <td>
                            <pre class="log">Given I am on the home page</pre>
                        </td>
                        <td>
                            <!-- [TestArrange: Scenario - Sign up without confirming terms and conditions] -->
                            <pre class="log">done: SketchFabSignUpSteps.GivenIAmOnTheHomePage() (14.7s)</pre>
                        </td>
                        <td>Succeeded in 20.201s</td>
                    </tr>
                    <tr>
                        <td>
                            <pre class="log">And I click on the sign up button</pre>
                        </td>
                        <td>
                            <!-- [TestArrange: Scenario - Sign up without confirming terms and conditions] -->
                            <pre class="log">done: SketchFabSignUpSteps.GivenIClickOnTheSignUpButton() (1.0s)</pre>
                        </td>
                        <td>Succeeded in 0.997s</td>
                    </tr>
                    <tr>
                        <td>
                            <pre class="log">And the sign up window pop up</pre>
                        </td>
                        <td>
                            <!-- [TestArrange: Scenario - Sign up without confirming terms and conditions] -->
                            <pre class="log">done: SketchFabSignUpSteps.GivenTheSignUpWindowPopUp() (0.5s)</pre>
                        </td>
                        <td>Succeeded in 0.508s</td>
                    </tr>
                    <tr>
                        <td>
                            <pre class="log">When I enter a valid username</pre>
                        </td>
                        <td>
                            <!-- [TestAct: Scenario - Sign up without confirming terms and conditions] -->
                            <pre class="log">done: SketchFabSignUpSteps.WhenIEnterAValidUsername() (6.5s)</pre>
                        </td>
                        <td>Succeeded in 6.516s</td>
                    </tr>
                    <tr>
                        <td>
                            <pre class="log">And I enter a valid email</pre>
                        </td>
                        <td>
                            <!-- [TestAct: Scenario - Sign up without confirming terms and conditions] -->
                            <pre class="log">done: SketchFabSignUpSteps.WhenIEnterAValidEmail() (4.3s)</pre>
                        </td>
                        <td>Succeeded in 4.345s</td>
                    </tr>
                    <tr>
                        <td>
                            <pre class="log">And I enter a valid password</pre>
                        </td>
                        <td>
                            <!-- [TestAct: Scenario - Sign up without confirming terms and conditions] -->
                            <pre class="log">done: SketchFabSignUpSteps.WhenIEnterAValidPassword() (3.1s)</pre>
                        </td>
                        <td>Succeeded in 3.138s</td>
                    </tr>
                    <tr>
                        <td>
                            <pre class="log">And I do not tick the privacy policy check box</pre>
                        </td>
                        <td>
                            <!-- [TestAct: Scenario - Sign up without confirming terms and conditions] -->
                            <pre class="log">done: SketchFabSignUpSteps.WhenIDoNotTickThePrivacyPolicyCheckBox() (0.0s)</pre>
                        </td>
                        <td>Succeeded in 0.003s</td>
                    </tr>
                    <tr>
                        <td>
                            <pre class="log">And I click the create account button</pre>
                        </td>
                        <td>
                            <!-- [TestAct: Scenario - Sign up without confirming terms and conditions] -->
                            <pre class="log">done: SketchFabSignUpSteps.WhenIClickTheCreateAccountButton() (1.3s)</pre>
                        </td>
                        <td>Succeeded in 1.326s</td>
                    </tr>
                    <tr>
                        <td>
                            <pre class="log">Then the registration should be failed</pre>
                        </td>
                        <td>
                            <!-- [TestAssert: Scenario - Sign up without confirming terms and conditions] -->
                            <pre class="log">done: SketchFabSignUpSteps.ThenTheRegistrationShouldBeFailed() (0.0s)</pre>
                        </td>
                        <td>Succeeded in 0.004s</td>
                    </tr>
                    <tr>
                        <td>
                            <pre class="log">And The error message should return This field is required</pre>
                        </td>
                        <td>
                            <!-- [TestAssert: Scenario - Sign up without confirming terms and conditions] -->
                            <pre class="log">error: Multiple failures or warnings in test:
  1)   Expected string length 0 but was 22. Strings differ at index 0.
  Expected: &lt;string.Empty&gt;
  But was:  &quot;This field is required&quot;
  -----------^

  2)   Expected string length 0 but was 22. Strings differ at index 0.
  Expected: &lt;string.Empty&gt;
  But was:  &quot;This field is required&quot;
  -----------^</pre>
                                <div class="errorMessage">Multiple failures or warnings in test:
  1)   Expected string length 0 but was 22. Strings differ at index 0.
  Expected: &lt;string.Empty&gt;
  But was:  &quot;This field is required&quot;
  -----------^

  2)   Expected string length 0 but was 22. Strings differ at index 0.
  Expected: &lt;string.Empty&gt;
  But was:  &quot;This field is required&quot;
  -----------^

</div>
                                <pre class="stackTrace">NUnit.Framework.AssertionException: Multiple failures or warnings in test:
  1)   Expected string length 0 but was 22. Strings differ at index 0.
  Expected: &lt;string.Empty&gt;
  But was:  &quot;This field is required&quot;
  -----------^

  2)   Expected string length 0 but was 22. Strings differ at index 0.
  Expected: &lt;string.Empty&gt;
  But was:  &quot;This field is required&quot;
  -----------^


   at NUnit.Framework.Assert.ReportFailure(String message) in D:\a\1\s\src\NUnitFramework\framework\Assert.cs:line 394
   at NUnit.Framework.Assert.ReportFailure(ConstraintResult result, String message, Object[] args) in D:\a\1\s\src\NUnitFramework\framework\Assert.cs:line 382
   at NUnit.Framework.Assert.That[TActual](TActual actual, IResolveConstraint expression, String message, Object[] args) in D:\a\1\s\src\NUnitFramework\framework\Assert.That.cs:line 240
   at NUnit.Framework.Assert.AreEqual(Object expected, Object actual) in D:\a\1\s\src\NUnitFramework\framework\Assert.Equality.cs:line 128
   at SketchFabSeleniumSpecFlow.SketchFabSignUpSteps.ThenTheErrorMessageShouldReturnThisFieldIsRequired() in C:\Users\Seng Fai Chan\Documents\SketchFabSeleniumSpecFlow\SketchFabSeleniumSpecFlow\Steps\SketchFabSignUpSteps.cs:line 99
   at lambda_method(Closure , IContextManager )
   at TechTalk.SpecFlow.Bindings.BindingInvoker.InvokeBinding(IBinding binding, IContextManager contextManager, Object[] arguments, ITestTracer testTracer, TimeSpan&amp; duration) in D:\a\1\s\TechTalk.SpecFlow\Bindings\BindingInvoker.cs:line 69
   at TechTalk.SpecFlow.Infrastructure.TestExecutionEngine.ExecuteStepMatch(BindingMatch match, Object[] arguments) in D:\a\1\s\TechTalk.SpecFlow\Infrastructure\TestExecutionEngine.cs:line 411
   at TechTalk.SpecRun.SpecFlowPlugin.Runtime.RunnerTestExecutionEngine.ExecuteStepMatch(BindingMatch match, Object[] arguments)
   at TechTalk.SpecFlow.Infrastructure.TestExecutionEngine.ExecuteStep(IContextManager contextManager, StepInstance stepInstance) in D:\a\1\s\TechTalk.SpecFlow\Infrastructure\TestExecutionEngine.cs:line 316
   at TechTalk.SpecFlow.Infrastructure.TestExecutionEngine.OnAfterLastStep() in D:\a\1\s\TechTalk.SpecFlow\Infrastructure\TestExecutionEngine.cs:line 132
   at TechTalk.SpecFlow.TestRunner.CollectScenarioErrors() in D:\a\1\s\TechTalk.SpecFlow\TestRunner.cs:line 59
   at SketchFabSeleniumSpecFlow.Features.SketchFabSignUpFeature.ScenarioCleanup()
   at SketchFabSeleniumSpecFlow.Features.SketchFabSignUpFeature.SignUpWithoutConfirmingTermsAndConditions() in C:\Users\Seng Fai Chan\Documents\SketchFabSeleniumSpecFlow\SketchFabSeleniumSpecFlow\Features\SketchFabSignUp.feature:line 16
   at TechTalk.SpecRun.Framework.TaskExecutors.StaticOrInstanceMethodExecutor.ExecuteInternal(ITestThreadExecutionContext testThreadExecutionContext)
   at TechTalk.SpecRun.Framework.TaskExecutors.StaticOrInstanceMethodExecutor.Execute(ITestThreadExecutionContext testThreadExecutionContext)
   at TechTalk.SpecRun.Framework.TestNodeTask.Execute()</pre>
                        </td>
                        <td>Failed in 0.204s</td>
                    </tr>
            </table>
            <a name="t1982818894.2" />
            <h3>Scenario: Sign up without confirming terms and conditions (in SketchFabSeleniumSpecFlow, SketchFabSignUp) retry #2</h3>
            <ul>
                <li>Status: Failed</li>
                <li>Start time: 21/10/2019 11:04:36</li>
                <li>Execution time (sec): 46.0884301</li>
                <li>Thread: #0</li>
                <li>Error: Exception has been thrown by the target of an invocation. -&gt; element click intercepted: Element &lt;a data-selenium=&quot;signup&quot; href=&quot;/signup&quot; class=&quot;button btn-primary btn-medium c-page-header__auth-button c-page-header__col&quot;&gt;...&lt;/a&gt; is not clickable at point (843, 30). Other element would receive the click: &lt;div class=&quot;popup-container&quot; style=&quot;perspective-origin: 509.5px 426px;&quot;&gt;...&lt;/div&gt;
  (Session info: chrome=77.0.3865.120)</li>
            </ul>
            <table class="testEvents">
                <tr>
                    <th>Steps</th>
                    <th>Trace</th>
                    <th>Result</th>
                </tr>
                    <tr>
                        <td>
                            <pre class="log">Given I am on the home page</pre>
                        </td>
                        <td>
                            <!-- [TestArrange: Scenario - Sign up without confirming terms and conditions] -->
                            <pre class="log">done: SketchFabSignUpSteps.GivenIAmOnTheHomePage() (24.6s)</pre>
                        </td>
                        <td>Succeeded in 30.61s</td>
                    </tr>
                    <tr>
                        <td>
                            <pre class="log">And I click on the sign up button</pre>
                        </td>
                        <td>
                            <!-- [TestArrange: Scenario - Sign up without confirming terms and conditions] -->
                            <pre class="log">error: Exception has been thrown by the target of an invocation.</pre>
                                <div class="errorMessage">Exception has been thrown by the target of an invocation. -&gt; element click intercepted: Element &lt;a data-selenium=&quot;signup&quot; href=&quot;/signup&quot; class=&quot;button btn-primary btn-medium c-page-header__auth-button c-page-header__col&quot;&gt;...&lt;/a&gt; is not clickable at point (843, 30). Other element would receive the click: &lt;div class=&quot;popup-container&quot; style=&quot;perspective-origin: 509.5px 426px;&quot;&gt;...&lt;/div&gt;
  (Session info: chrome=77.0.3865.120)</div>
                                <pre class="stackTrace">System.Reflection.TargetInvocationException: Exception has been thrown by the target of an invocation. ---&gt; OpenQA.Selenium.ElementClickInterceptedException: element click intercepted: Element &lt;a data-selenium=&quot;signup&quot; href=&quot;/signup&quot; class=&quot;button btn-primary btn-medium c-page-header__auth-button c-page-header__col&quot;&gt;...&lt;/a&gt; is not clickable at point (843, 30). Other element would receive the click: &lt;div class=&quot;popup-container&quot; style=&quot;perspective-origin: 509.5px 426px;&quot;&gt;...&lt;/div&gt;
  (Session info: chrome=77.0.3865.120)
   at OpenQA.Selenium.Remote.RemoteWebDriver.UnpackAndThrowOnError(Response errorResponse)
   at OpenQA.Selenium.Remote.RemoteWebDriver.Execute(String driverCommandToExecute, Dictionary`2 parameters)
   at OpenQA.Selenium.Remote.RemoteWebElement.Execute(String commandToExecute, Dictionary`2 parameters)
   at OpenQA.Selenium.Remote.RemoteWebElement.Click()
   --- End of inner exception stack trace ---
   at System.RuntimeMethodHandle.InvokeMethod(Object target, Object[] arguments, Signature sig, Boolean constructor)
   at System.Reflection.RuntimeMethodInfo.UnsafeInvokeInternal(Object obj, Object[] parameters, Object[] arguments)
   at System.Reflection.RuntimeMethodInfo.Invoke(Object obj, BindingFlags invokeAttr, Binder binder, Object[] parameters, CultureInfo culture)
   at OpenQA.Selenium.Support.PageObjects.WebDriverObjectProxy.InvokeMethod(IMethodCallMessage msg, Object representedValue)
   at OpenQA.Selenium.Support.PageObjects.WebElementProxy.Invoke(IMessage msg)
   at System.Runtime.Remoting.Proxies.RealProxy.PrivateInvoke(MessageData&amp; msgData, Int32 type)
   at OpenQA.Selenium.IWebElement.Click()
   at SketchFabSeleniumSpecFlow.Pages.HomePage.ClickSignUpLink() in C:\Users\Seng Fai Chan\Documents\SketchFabSeleniumSpecFlow\SketchFabSeleniumSpecFlow\Pages\HomePage.cs:line 34
   at SketchFabSeleniumSpecFlow.SketchFabSignUpSteps.GivenIClickOnTheSignUpButton() in C:\Users\Seng Fai Chan\Documents\SketchFabSeleniumSpecFlow\SketchFabSeleniumSpecFlow\Steps\SketchFabSignUpSteps.cs:line 42
   at lambda_method(Closure , IContextManager )
   at TechTalk.SpecFlow.Bindings.BindingInvoker.InvokeBinding(IBinding binding, IContextManager contextManager, Object[] arguments, ITestTracer testTracer, TimeSpan&amp; duration) in D:\a\1\s\TechTalk.SpecFlow\Bindings\BindingInvoker.cs:line 69
   at TechTalk.SpecFlow.Infrastructure.TestExecutionEngine.ExecuteStepMatch(BindingMatch match, Object[] arguments) in D:\a\1\s\TechTalk.SpecFlow\Infrastructure\TestExecutionEngine.cs:line 411
   at TechTalk.SpecRun.SpecFlowPlugin.Runtime.RunnerTestExecutionEngine.ExecuteStepMatch(BindingMatch match, Object[] arguments)
   at TechTalk.SpecFlow.Infrastructure.TestExecutionEngine.ExecuteStep(IContextManager contextManager, StepInstance stepInstance) in D:\a\1\s\TechTalk.SpecFlow\Infrastructure\TestExecutionEngine.cs:line 316
   at TechTalk.SpecFlow.Infrastructure.TestExecutionEngine.OnAfterLastStep() in D:\a\1\s\TechTalk.SpecFlow\Infrastructure\TestExecutionEngine.cs:line 132
   at TechTalk.SpecFlow.TestRunner.CollectScenarioErrors() in D:\a\1\s\TechTalk.SpecFlow\TestRunner.cs:line 59
   at SketchFabSeleniumSpecFlow.Features.SketchFabSignUpFeature.ScenarioCleanup()
   at SketchFabSeleniumSpecFlow.Features.SketchFabSignUpFeature.SignUpWithoutConfirmingTermsAndConditions() in C:\Users\Seng Fai Chan\Documents\SketchFabSeleniumSpecFlow\SketchFabSeleniumSpecFlow\Features\SketchFabSignUp.feature:line 16
   at TechTalk.SpecRun.Framework.TaskExecutors.StaticOrInstanceMethodExecutor.ExecuteInternal(ITestThreadExecutionContext testThreadExecutionContext)
   at TechTalk.SpecRun.Framework.TaskExecutors.StaticOrInstanceMethodExecutor.Execute(ITestThreadExecutionContext testThreadExecutionContext)
   at TechTalk.SpecRun.Framework.TestNodeTask.Execute()</pre>
                        </td>
                        <td>Failed in 4.869s</td>
                    </tr>
                    <tr>
                        <td>
                            <pre class="log">And the sign up window pop up</pre>
                        </td>
                        <td>
                            <!-- [TestArrange: Scenario - Sign up without confirming terms and conditions] -->
                            <pre class="log">skipped because of previous errors</pre>
                        </td>
                        <td>Skipped in 0.031s</td>
                    </tr>
                    <tr>
                        <td>
                            <pre class="log">When I enter a valid username</pre>
                        </td>
                        <td>
                            <!-- [TestAct: Scenario - Sign up without confirming terms and conditions] -->
                            <pre class="log">skipped because of previous errors</pre>
                        </td>
                        <td>Skipped in 0.016s</td>
                    </tr>
                    <tr>
                        <td>
                            <pre class="log">And I enter a valid email</pre>
                        </td>
                        <td>
                            <!-- [TestAct: Scenario - Sign up without confirming terms and conditions] -->
                            <pre class="log">skipped because of previous errors</pre>
                        </td>
                        <td>Skipped in 0.007s</td>
                    </tr>
                    <tr>
                        <td>
                            <pre class="log">And I enter a valid password</pre>
                        </td>
                        <td>
                            <!-- [TestAct: Scenario - Sign up without confirming terms and conditions] -->
                            <pre class="log">skipped because of previous errors</pre>
                        </td>
                        <td>Skipped in 0.007s</td>
                    </tr>
                    <tr>
                        <td>
                            <pre class="log">And I do not tick the privacy policy check box</pre>
                        </td>
                        <td>
                            <!-- [TestAct: Scenario - Sign up without confirming terms and conditions] -->
                            <pre class="log">skipped because of previous errors</pre>
                        </td>
                        <td>Skipped in 0.002s</td>
                    </tr>
                    <tr>
                        <td>
                            <pre class="log">And I click the create account button</pre>
                        </td>
                        <td>
                            <!-- [TestAct: Scenario - Sign up without confirming terms and conditions] -->
                            <pre class="log">skipped because of previous errors</pre>
                        </td>
                        <td>Skipped in 0.005s</td>
                    </tr>
                    <tr>
                        <td>
                            <pre class="log">Then the registration should be failed</pre>
                        </td>
                        <td>
                            <!-- [TestAssert: Scenario - Sign up without confirming terms and conditions] -->
                            <pre class="log">skipped because of previous errors</pre>
                        </td>
                        <td>Skipped in 0.003s</td>
                    </tr>
                    <tr>
                        <td>
                            <pre class="log">And The error message should return This field is required</pre>
                        </td>
                        <td>
                            <!-- [TestAssert: Scenario - Sign up without confirming terms and conditions] -->
                            <pre class="log">skipped because of previous errors</pre>
                        </td>
                        <td>Skipped in 0.033s</td>
                    </tr>
            </table>
	</body>
</html>
</a><div style="position: absolute; top:0px; right:10px; z-index: 1000; text-align: right; font-size: small; color: #FF5555">
Generated by an evaluation version of SpecRun.<br />
This version can be used for evaluation purposes only.<br />
For obtaining a registered license please visit <a href="http://www.specflow.org/plus">http://www.specflow.org/plus</a>.
</div>